#! /usr/local/bin/vvp
:ivl_version "11.0 (stable)" "(v11_0-5-gc09ae88)";
:ivl_delay_selection "TYPICAL";
:vpi_time_precision + 0;
:vpi_module "/usr/local/lib/ivl/system.vpi";
:vpi_module "/usr/local/lib/ivl/vhdl_sys.vpi";
:vpi_module "/usr/local/lib/ivl/vhdl_textio.vpi";
:vpi_module "/usr/local/lib/ivl/v2005_math.vpi";
:vpi_module "/usr/local/lib/ivl/va_math.vpi";
S_0xecf480 .scope module, "mux4_tb" "mux4_tb" 2 1;
 .timescale 0 0;
v0xef9850_0 .var "clk", 0 0;
v0xef98f0_0 .net "data", 3 0, v0xef91f0_0;  1 drivers
S_0xecf0a0 .scope module, "mux4_inst" "mux4" 2 10, 3 2 0, S_0xecf480;
 .timescale 0 0;
    .port_info 0 /INPUT 1 "clk";
    .port_info 1 /OUTPUT 4 "data";
P_0xece620 .param/l "NP" 0 3 5, +C4<00000000000000000000000000000010>;
P_0xece660 .param/l "VAL0" 0 3 6, C4<1000>;
P_0xece6a0 .param/l "VAL1" 0 3 7, C4<1001>;
P_0xece6e0 .param/l "VAL2" 0 3 8, C4<1010>;
P_0xece720 .param/l "VAL3" 0 3 9, C4<1011>;
L_0xef9a70 .functor BUFZ 2, v0xef9120_0, C4<00>, C4<00>, C4<00>;
v0xef8f80_0 .net "clk", 0 0, v0xef9850_0;  1 drivers
v0xef9050_0 .net "clk_pres", 0 0, L_0xef9b40;  1 drivers
v0xef9120_0 .var "count", 1 0;
v0xef91f0_0 .var "data", 3 0;
v0xef92b0_0 .net "sel", 1 0, L_0xef9a70;  1 drivers
L_0x7ff8f39da018 .functor BUFT 1, C4<1000>, C4<0>, C4<0>, C4<0>;
v0xef93e0_0 .net "val0", 3 0, L_0x7ff8f39da018;  1 drivers
L_0x7ff8f39da060 .functor BUFT 1, C4<1001>, C4<0>, C4<0>, C4<0>;
v0xef94c0_0 .net "val1", 3 0, L_0x7ff8f39da060;  1 drivers
L_0x7ff8f39da0a8 .functor BUFT 1, C4<1010>, C4<0>, C4<0>, C4<0>;
v0xef95a0_0 .net "val2", 3 0, L_0x7ff8f39da0a8;  1 drivers
L_0x7ff8f39da0f0 .functor BUFT 1, C4<1011>, C4<0>, C4<0>, C4<0>;
v0xef9680_0 .net "val3", 3 0, L_0x7ff8f39da0f0;  1 drivers
E_0xed3010 .event posedge, v0xef8d70_0;
E_0xece280/0 .event edge, v0xef92b0_0, v0xef93e0_0, v0xef94c0_0, v0xef95a0_0;
E_0xece280/1 .event edge, v0xef9680_0;
E_0xece280 .event/or E_0xece280/0, E_0xece280/1;
S_0xececf0 .scope module, "PRES" "prescaler" 3 47, 4 4 0, S_0xecf0a0;
 .timescale 0 0;
    .port_info 0 /INPUT 1 "clk_in";
    .port_info 1 /OUTPUT 1 "clk_out";
P_0xee1ca0 .param/l "N" 0 4 9, +C4<00000000000000000000000000000010>;
v0xee1e10_0 .net "clk_in", 0 0, v0xef9850_0;  alias, 1 drivers
v0xef8d70_0 .net "clk_out", 0 0, L_0xef9b40;  alias, 1 drivers
v0xef8e30_0 .var "count", 1 0;
E_0xee0770 .event posedge, v0xee1e10_0;
L_0xef9b40 .part v0xef8e30_0, 1, 1;
    .scope S_0xececf0;
T_0 ;
    %pushi/vec4 0, 0, 2;
    %store/vec4 v0xef8e30_0, 0, 2;
    %end;
    .thread T_0;
    .scope S_0xececf0;
T_1 ;
    %wait E_0xee0770;
    %load/vec4 v0xef8e30_0;
    %addi 1, 0, 2;
    %assign/vec4 v0xef8e30_0, 0;
    %jmp T_1;
    .thread T_1;
    .scope S_0xecf0a0;
T_2 ;
    %pushi/vec4 0, 0, 2;
    %store/vec4 v0xef9120_0, 0, 2;
    %end;
    .thread T_2;
    .scope S_0xecf0a0;
T_3 ;
    %wait E_0xece280;
    %load/vec4 v0xef92b0_0;
    %dup/vec4;
    %pushi/vec4 0, 0, 2;
    %cmp/u;
    %jmp/1 T_3.0, 6;
    %dup/vec4;
    %pushi/vec4 1, 0, 2;
    %cmp/u;
    %jmp/1 T_3.1, 6;
    %dup/vec4;
    %pushi/vec4 2, 0, 2;
    %cmp/u;
    %jmp/1 T_3.2, 6;
    %dup/vec4;
    %pushi/vec4 3, 0, 2;
    %cmp/u;
    %jmp/1 T_3.3, 6;
    %pushi/vec4 0, 0, 4;
    %assign/vec4 v0xef91f0_0, 0;
    %jmp T_3.5;
T_3.0 ;
    %load/vec4 v0xef93e0_0;
    %assign/vec4 v0xef91f0_0, 0;
    %jmp T_3.5;
T_3.1 ;
    %load/vec4 v0xef94c0_0;
    %assign/vec4 v0xef91f0_0, 0;
    %jmp T_3.5;
T_3.2 ;
    %load/vec4 v0xef95a0_0;
    %assign/vec4 v0xef91f0_0, 0;
    %jmp T_3.5;
T_3.3 ;
    %load/vec4 v0xef9680_0;
    %assign/vec4 v0xef91f0_0, 0;
    %jmp T_3.5;
T_3.5 ;
    %pop/vec4 1;
    %jmp T_3;
    .thread T_3, $push;
    .scope S_0xecf0a0;
T_4 ;
    %wait E_0xed3010;
    %load/vec4 v0xef9120_0;
    %addi 1, 0, 2;
    %assign/vec4 v0xef9120_0, 0;
    %jmp T_4;
    .thread T_4;
    .scope S_0xecf480;
T_5 ;
    %pushi/vec4 0, 0, 1;
    %store/vec4 v0xef9850_0, 0, 1;
    %end;
    .thread T_5;
    .scope S_0xecf480;
T_6 ;
    %delay 1, 0;
    %load/vec4 v0xef9850_0;
    %inv;
    %store/vec4 v0xef9850_0, 0, 1;
    %jmp T_6;
    .thread T_6;
    .scope S_0xecf480;
T_7 ;
    %vpi_call 2 17 "$dumpfile", "mux4_tb.vcd" {0 0 0};
    %vpi_call 2 18 "$dumpvars", 32'sb00000000000000000000000000000000, S_0xecf480 {0 0 0};
    %delay 400, 0;
    %vpi_call 2 20 "$finish" {0 0 0};
    %end;
    .thread T_7;
# The file index is used to find the file name in the following table.
:file_names 5;
    "N/A";
    "<interactive>";
    "mux4_tb.v";
    "mux4.v";
    "../05_prescaler//prescaler.v";
